<?xml version="1.0" encoding="UTF-8"?>
<!-- Generated by org.testng.reporters.JUnitXMLReporter -->
<testsuite ignored="0" hostname="inlen8520068618" failures="0" tests="3" name="Test1" time="0.111" errors="0" timestamp="2024-05-17T09:00:56 IST">
  <testcase classname="TestNg.TestParameters1" name="testCaseOne" time="0.014"/>
  <testcase classname="TestNg.TestParameters1" name="testCaseTwo" time="0.003"/>
  <testcase classname="TestNg.TestParameters2" name="testCaseThree" time="0.002"/>
</testsuite> <!-- Test1 -->
