<?xml version="1.0" encoding="UTF-8"?>
<!-- Generated by org.testng.reporters.JUnitXMLReporter -->
<testsuite ignored="0" hostname="inlen8520068618" failures="0" tests="3" name="Test" time="0.056" errors="0" timestamp="2024-02-20T16:56:11 IST">
  <testcase classname="TestNg.TestParameters1" name="testCaseOne" time="0.007"/>
  <testcase classname="TestNg.TestParameters1" name="testCaseTwo" time="0.001"/>
  <testcase classname="TestNg.TestParameters2" name="testCaseThree" time="0.001"/>
</testsuite> <!-- Test -->
