<?xml version="1.0" encoding="UTF-8"?>
<!-- Generated by org.testng.reporters.JUnitXMLReporter -->
<testsuite ignored="0" hostname="inlen8520068618" failures="0" tests="3" name="TestParallel" time="10.665" errors="0" timestamp="2023-12-21T19:35:47 IST">
  <testcase classname="Generic_method.ParallelTest" name="testChrome1" time="7.343"/>
  <testcase classname="Generic_method.sdf" name="test" time="7.921"/>
  <testcase classname="Generic_method.ParallelTest" name="testChrome2" time="3.256"/>
</testsuite> <!-- TestParallel -->
